TN:
SF:src/abi.ts
FNF:0
FNH:0
DA:5,7
DA:215,7
LF:2
LH:2
BRF:0
BRH:0
end_of_record
TN:
SF:src/client.ts
FN:26,buildPublicClient
FN:32,buildWalletClient
FN:41,buildClients
FNF:3
FNH:3
FNDA:4,buildPublicClient
FNDA:3,buildWalletClient
FNDA:4,buildClients
DA:27,4
DA:28,4
DA:36,3
DA:37,3
DA:38,3
DA:42,4
DA:43,4
DA:44,4
DA:46,4
DA:47,4
DA:48,4
DA:50,4
LF:12
LH:12
BRDA:27,0,0,1
BRDA:27,0,1,3
BRDA:36,1,0,1
BRDA:36,1,1,2
BRDA:37,2,0,3
BRDA:37,2,1,2
BRDA:44,3,0,1
BRDA:44,3,1,3
BRF:8
BRH:8
end_of_record
TN:
SF:src/config.ts
FN:23,loadConfig
FN:43,writeConfig
FN:50,requirePrivateKey
FN:82,error
FN:87,success
FN:91,info
FN:95,warn
FNF:7
FNH:7
FNDA:6,loadConfig
FNDA:11,writeConfig
FNDA:10,requirePrivateKey
FNDA:27,error
FNDA:20,success
FNDA:100,info
FNDA:1,warn
DA:17,11
DA:21,11
DA:24,6
DA:25,6
DA:27,6
DA:28,5
DA:29,5
DA:31,0
DA:36,6
DA:37,6
DA:38,6
DA:40,6
DA:44,11
DA:46,11
DA:47,11
DA:51,10
DA:52,10
DA:53,1
DA:59,9
DA:60,10
DA:65,11
DA:83,27
DA:84,27
DA:88,20
DA:92,100
DA:96,1
DA:101,11
DA:102,11
DA:103,11
DA:104,11
DA:105,11
DA:106,11
DA:107,11
DA:108,11
LF:34
LH:33
BRDA:27,0,0,5
BRDA:27,0,1,1
BRDA:36,1,0,6
BRDA:36,1,1,5
BRDA:37,2,0,6
BRDA:37,2,1,5
BRDA:38,3,0,6
BRDA:38,3,1,5
BRDA:38,3,2,4
BRDA:51,4,0,10
BRDA:51,4,1,2
BRDA:52,5,0,1
BRDA:52,5,1,9
BRDA:59,6,0,8
BRDA:59,6,1,1
BRDA:101,7,0,11
BRDA:101,7,1,11
BRDA:102,8,0,11
BRDA:102,8,1,0
BRDA:103,9,0,11
BRDA:103,9,1,0
BRDA:104,10,0,11
BRDA:104,10,1,0
BRDA:105,11,0,11
BRDA:105,11,1,0
BRDA:106,12,0,11
BRDA:106,12,1,0
BRDA:107,13,0,11
BRDA:107,13,1,0
BRDA:108,14,0,11
BRDA:108,14,1,0
BRF:31
BRH:24
end_of_record
TN:
SF:src/index.ts
FN:49,showHelp
FN:172,main
FN:261,(anonymous_2)
FNF:3
FNH:0
FNDA:0,showHelp
FNDA:0,main
FNDA:0,(anonymous_2)
DA:50,0
DA:173,0
DA:175,0
DA:176,0
DA:177,0
DA:180,0
DA:181,0
DA:182,0
DA:185,0
DA:187,0
DA:188,0
DA:191,0
DA:192,0
DA:195,0
DA:196,0
DA:197,0
DA:198,0
DA:199,0
DA:200,0
DA:201,0
DA:202,0
DA:204,0
DA:205,0
DA:206,0
DA:208,0
DA:212,0
DA:213,0
DA:214,0
DA:215,0
DA:216,0
DA:218,0
DA:219,0
DA:220,0
DA:222,0
DA:226,0
DA:227,0
DA:228,0
DA:229,0
DA:231,0
DA:232,0
DA:233,0
DA:235,0
DA:239,0
DA:240,0
DA:243,0
DA:244,0
DA:247,0
DA:248,0
DA:251,0
DA:252,0
DA:255,0
DA:256,0
DA:257,0
DA:261,0
DA:262,0
DA:263,0
DA:264,0
LF:57
LH:0
BRDA:175,0,0,0
BRDA:175,0,1,0
BRDA:175,1,0,0
BRDA:175,1,1,0
BRDA:175,1,2,0
BRDA:175,1,3,0
BRDA:180,2,0,0
BRDA:180,2,1,0
BRDA:180,3,0,0
BRDA:180,3,1,0
BRDA:185,4,0,0
BRDA:185,4,1,0
BRDA:185,4,2,0
BRDA:185,4,3,0
BRDA:185,4,4,0
BRDA:185,4,5,0
BRDA:185,4,6,0
BRDA:185,4,7,0
BRDA:185,4,8,0
BRDA:185,4,9,0
BRDA:197,5,0,0
BRDA:197,5,1,0
BRDA:197,5,2,0
BRDA:197,5,3,0
BRDA:197,5,4,0
BRDA:197,5,5,0
BRDA:213,6,0,0
BRDA:213,6,1,0
BRDA:213,6,2,0
BRDA:213,6,3,0
BRDA:227,7,0,0
BRDA:227,7,1,0
BRDA:227,7,2,0
BRDA:263,8,0,0
BRDA:263,8,1,0
BRF:35
BRH:0
end_of_record
TN:
SF:src/commands/agent.ts
FN:24,parseFlag
FN:31,cmdAgentList
FN:85,cmdAgentLookup
FNF:3
FNH:3
FNDA:14,parseFlag
FNDA:7,cmdAgentList
FNDA:6,cmdAgentLookup
DA:25,14
DA:26,14
DA:32,7
DA:33,7
DA:34,7
DA:35,7
DA:37,7
DA:38,7
DA:39,7
DA:40,1
DA:41,1
DA:44,6
DA:45,6
DA:52,6
DA:53,1
DA:54,1
DA:57,5
DA:58,5
DA:59,5
DA:61,5
DA:62,8
DA:63,8
DA:67,8
DA:68,7
DA:70,8
DA:71,7
DA:75,5
DA:76,1
DA:77,1
DA:80,5
DA:86,6
DA:87,6
DA:89,5
DA:90,5
DA:91,5
DA:92,1
DA:93,1
DA:97,4
DA:98,4
DA:104,4
DA:106,4
DA:107,6
DA:114,6
DA:115,3
DA:116,3
DA:117,3
DA:118,3
DA:119,3
DA:120,3
DA:121,3
DA:122,3
DA:123,3
DA:124,3
DA:125,3
DA:129,1
LF:55
LH:55
BRDA:26,0,0,3
BRDA:26,0,1,11
BRDA:26,1,0,14
BRDA:26,1,1,3
BRDA:32,2,0,7
BRDA:32,2,1,6
BRDA:33,3,0,7
BRDA:33,3,1,5
BRDA:39,4,0,1
BRDA:39,4,1,6
BRDA:52,5,0,1
BRDA:52,5,1,5
BRDA:62,6,0,7
BRDA:62,6,1,1
BRDA:67,7,0,7
BRDA:67,7,1,1
BRDA:68,8,0,0
BRDA:68,8,1,7
BRDA:70,9,0,7
BRDA:70,9,1,1
BRDA:75,10,0,1
BRDA:75,10,1,4
BRDA:87,11,0,1
BRDA:87,11,1,5
BRDA:91,12,0,1
BRDA:91,12,1,4
BRDA:114,13,0,3
BRDA:114,13,1,3
BRDA:119,14,0,3
BRDA:119,14,1,0
BRDA:122,15,0,3
BRDA:122,15,1,0
BRDA:123,16,0,1
BRDA:123,16,1,2
BRF:34
BRH:31
end_of_record
TN:
SF:src/commands/agentd.ts
FN:76,loadState
FN:85,saveState
FN:91,ts
FN:95,jsonLine
FN:99,humanLine
FN:109,discoverAgents
FN:121,(anonymous_6)
FN:133,getBalance
FN:142,runCycle
FN:154,(anonymous_9)
FN:166,(anonymous_10)
FN:184,(anonymous_11)
FN:187,(anonymous_12)
FN:189,(anonymous_13)
FN:210,cmdDaemonStatus
FN:236,cmdDaemonPeers
FN:263,cmdAgentd
FN:274,(anonymous_17)
FN:278,(anonymous_18)
FN:349,(anonymous_19)
FN:386,(anonymous_20)
FN:394,(anonymous_21)
FN:408,(anonymous_22)
FN:409,(anonymous_23)
FNF:24
FNH:23
FNDA:26,loadState
FNDA:19,saveState
FNDA:56,ts
FNDA:13,jsonLine
FNDA:64,humanLine
FNDA:17,discoverAgents
FNDA:18,(anonymous_6)
FNDA:16,getBalance
FNDA:17,runCycle
FNDA:68,(anonymous_9)
FNDA:16,(anonymous_10)
FNDA:18,(anonymous_11)
FNDA:1,(anonymous_12)
FNDA:3,(anonymous_13)
FNDA:5,cmdDaemonStatus
FNDA:4,cmdDaemonPeers
FNDA:30,cmdAgentd
FNDA:20,(anonymous_17)
FNDA:80,(anonymous_18)
FNDA:17,(anonymous_19)
FNDA:0,(anonymous_20)
FNDA:2,(anonymous_21)
FNDA:1,(anonymous_22)
FNDA:1,(anonymous_23)
DA:74,1
DA:77,26
DA:78,8
DA:79,8
DA:81,0
DA:86,19
DA:92,56
DA:96,13
DA:100,64
DA:101,56
DA:102,8
DA:103,8
DA:114,17
DA:121,18
DA:137,16
DA:152,17
DA:154,17
DA:155,68
DA:158,17
DA:160,17
DA:161,17
DA:162,16
DA:163,16
DA:166,16
DA:167,16
DA:168,1
DA:170,15
DA:174,16
DA:175,16
DA:176,16
DA:177,16
DA:178,1
DA:180,15
DA:184,18
DA:185,16
DA:186,2
DA:187,1
DA:189,3
DA:193,16
DA:194,16
DA:195,16
DA:196,16
DA:197,16
DA:199,16
DA:201,1
DA:202,1
DA:203,1
DA:204,1
DA:211,5
DA:212,5
DA:213,5
DA:214,1
DA:215,1
DA:216,1
DA:217,1
DA:220,4
DA:221,4
DA:222,4
DA:223,4
DA:224,4
DA:225,4
DA:226,4
DA:227,5
DA:228,5
DA:229,5
DA:230,5
DA:231,5
DA:237,4
DA:238,4
DA:239,4
DA:240,2
DA:241,2
DA:242,2
DA:245,2
DA:246,2
DA:247,2
DA:248,2
DA:250,2
DA:251,4
DA:254,4
DA:256,2
DA:257,2
DA:258,4
DA:264,30
DA:266,30
DA:267,25
DA:268,21
DA:269,1
DA:273,20
DA:274,20
DA:275,20
DA:276,20
DA:278,80
DA:280,20
DA:281,30
DA:282,30
DA:283,30
DA:284,30
DA:287,30
DA:288,30
DA:290,30
DA:291,30
DA:293,30
DA:294,1
DA:297,19
DA:298,1
DA:302,18
DA:303,18
DA:304,18
DA:305,18
DA:306,18
DA:307,13
DA:309,17
DA:312,17
DA:315,17
DA:329,30
DA:330,15
DA:331,15
DA:332,15
DA:333,15
DA:334,15
DA:335,15
DA:336,15
DA:337,15
DA:338,15
DA:339,15
DA:340,15
DA:341,15
DA:343,2
DA:349,17
DA:350,17
DA:351,14
DA:353,17
DA:363,17
DA:364,17
DA:365,2
DA:370,17
DA:372,17
DA:373,13
DA:374,11
DA:375,11
DA:376,11
DA:378,13
DA:382,4
DA:383,3
DA:386,4
DA:387,0
DA:388,0
DA:389,0
DA:394,4
DA:395,2
DA:396,2
DA:397,2
DA:398,1
DA:400,1
DA:401,1
DA:402,1
DA:403,1
DA:405,2
DA:408,4
DA:409,4
LF:161
LH:157
BRDA:77,0,0,18
BRDA:77,0,1,8
BRDA:100,1,0,56
BRDA:100,1,1,8
BRDA:102,2,0,8
BRDA:102,2,1,0
BRDA:112,3,0,17
BRDA:125,4,0,18
BRDA:125,4,1,0
BRDA:126,5,0,18
BRDA:126,5,1,0
BRDA:155,6,0,64
BRDA:155,6,1,4
BRDA:167,7,0,1
BRDA:167,7,1,15
BRDA:177,8,0,1
BRDA:177,8,1,15
BRDA:185,9,0,2
BRDA:185,9,1,14
BRDA:185,10,0,16
BRDA:185,10,1,2
BRDA:201,11,0,1
BRDA:201,11,1,0
BRDA:213,12,0,1
BRDA:213,12,1,4
BRDA:226,13,0,4
BRDA:226,13,1,1
BRDA:229,14,0,1
BRDA:229,14,1,3
BRDA:230,15,0,3
BRDA:230,15,1,1
BRDA:239,16,0,2
BRDA:239,16,1,2
BRDA:239,17,0,4
BRDA:239,17,1,3
BRDA:251,18,0,2
BRDA:251,18,1,2
BRDA:257,19,0,2
BRDA:257,19,1,0
BRDA:264,20,0,30
BRDA:264,20,1,0
BRDA:266,21,0,5
BRDA:266,21,1,25
BRDA:267,22,0,4
BRDA:267,22,1,21
BRDA:268,23,0,1
BRDA:268,23,1,20
BRDA:276,24,0,1
BRDA:276,24,1,19
BRDA:276,25,0,20
BRDA:276,25,1,1
BRDA:280,26,0,20
BRDA:280,26,1,19
BRDA:280,26,2,18
BRDA:290,27,0,30
BRDA:290,27,1,1
BRDA:291,28,0,30
BRDA:291,28,1,20
BRDA:293,29,0,1
BRDA:293,29,1,29
BRDA:297,30,0,1
BRDA:297,30,1,18
BRDA:309,31,0,1
BRDA:309,31,1,16
BRDA:315,32,0,17
BRDA:315,32,1,16
BRDA:329,33,0,15
BRDA:329,33,1,2
BRDA:338,34,0,12
BRDA:338,34,1,3
BRDA:350,35,0,14
BRDA:350,35,1,3
BRDA:350,36,0,17
BRDA:350,36,1,15
BRDA:364,37,0,2
BRDA:364,37,1,15
BRDA:372,38,0,13
BRDA:372,38,1,4
BRDA:373,39,0,11
BRDA:373,39,1,2
BRDA:373,40,0,13
BRDA:373,40,1,12
BRDA:382,41,0,3
BRDA:382,41,1,1
BRDA:382,42,0,4
BRDA:382,42,1,3
BRDA:388,43,0,0
BRDA:388,43,1,0
BRDA:388,44,0,0
BRDA:388,44,1,0
BRDA:397,45,0,1
BRDA:397,45,1,1
BRF:92
BRH:82
end_of_record
TN:
SF:src/commands/init.ts
FN:9,cmdInit
FNF:1
FNH:1
FNDA:8,cmdInit
DA:10,8
DA:11,8
DA:13,8
DA:14,1
DA:15,1
DA:18,7
DA:20,7
DA:21,7
DA:22,7
DA:23,7
DA:24,7
DA:25,7
LF:12
LH:12
BRDA:11,0,0,3
BRDA:11,0,1,5
BRDA:13,1,0,1
BRDA:13,1,1,7
BRDA:13,2,0,8
BRDA:13,2,1,2
BRF:6
BRH:6
end_of_record
TN:
SF:src/commands/project.ts
FN:23,parseFlag
FN:28,requireFlag
FN:34,formatDate
FN:40,cmdProjectCreate
FN:97,cmdProjectGet
FN:144,cmdProjectList
FN:172,(anonymous_6)
FN:197,cmdProjectTransfer
FN:231,cmdProjectCollab
FNF:9
FNH:9
FNDA:60,parseFlag
FNDA:28,requireFlag
FNDA:11,formatDate
FNDA:9,cmdProjectCreate
FNDA:8,cmdProjectGet
FNDA:8,cmdProjectList
FNDA:5,(anonymous_6)
FNDA:5,cmdProjectTransfer
FNDA:6,cmdProjectCollab
DA:24,60
DA:25,60
DA:29,28
DA:30,28
DA:31,24
DA:35,11
DA:41,9
DA:42,9
DA:43,9
DA:44,9
DA:45,9
DA:46,9
DA:47,9
DA:49,9
DA:50,9
DA:51,9
DA:53,7
DA:56,7
DA:63,7
DA:64,1
DA:65,1
DA:70,1
DA:71,1
DA:74,7
DA:76,7
DA:85,7
DA:86,7
DA:88,7
DA:89,6
DA:91,1
DA:98,8
DA:99,8
DA:101,8
DA:102,8
DA:103,8
DA:105,7
DA:106,7
DA:117,7
DA:119,6
DA:126,6
DA:127,6
DA:128,8
DA:129,8
DA:130,8
DA:131,8
DA:132,8
DA:133,8
DA:134,8
DA:135,8
DA:136,8
DA:137,6
DA:138,6
DA:139,6
DA:145,8
DA:146,8
DA:147,2
DA:150,6
DA:151,6
DA:152,6
DA:154,5
DA:155,5
DA:162,5
DA:163,1
DA:164,1
DA:167,4
DA:168,4
DA:169,4
DA:171,4
DA:173,5
DA:182,4
DA:183,5
DA:187,5
DA:192,4
DA:198,5
DA:199,5
DA:200,5
DA:202,2
DA:203,2
DA:204,2
DA:206,1
DA:208,1
DA:212,1
DA:213,1
DA:215,1
DA:225,1
DA:226,1
DA:232,6
DA:233,6
DA:234,1
DA:237,5
DA:238,5
DA:239,5
DA:241,3
DA:242,3
DA:243,3
DA:245,2
DA:246,2
DA:248,6
DA:250,6
DA:259,2
DA:260,2
LF:101
LH:101
BRDA:25,0,0,27
BRDA:25,0,1,33
BRDA:25,1,0,60
BRDA:25,1,1,27
BRDA:30,2,0,4
BRDA:30,2,1,24
BRDA:42,3,0,9
BRDA:42,3,1,7
BRDA:43,4,0,9
BRDA:43,4,1,7
BRDA:44,5,0,9
BRDA:44,5,1,8
BRDA:45,6,0,9
BRDA:45,6,1,7
BRDA:51,7,0,1
BRDA:51,7,1,8
BRDA:63,8,0,1
BRDA:63,8,1,6
BRDA:88,9,0,6
BRDA:88,9,1,1
BRDA:98,10,0,8
BRDA:98,10,1,0
BRDA:99,11,0,1
BRDA:99,11,1,7
BRDA:103,12,0,1
BRDA:103,12,1,7
BRDA:117,13,0,1
BRDA:117,13,1,6
BRDA:127,14,0,2
BRDA:127,14,1,4
BRDA:130,15,0,8
BRDA:130,15,1,0
BRDA:135,16,0,6
BRDA:135,16,1,0
BRDA:136,17,0,1
BRDA:136,17,1,7
BRDA:137,18,0,2
BRDA:137,18,1,4
BRDA:138,19,0,3
BRDA:138,19,1,3
BRDA:146,20,0,2
BRDA:146,20,1,6
BRDA:146,21,0,8
BRDA:146,21,1,7
BRDA:152,22,0,1
BRDA:152,22,1,5
BRDA:162,23,0,1
BRDA:162,23,1,4
BRDA:184,24,0,2
BRDA:184,24,1,3
BRDA:185,25,0,3
BRDA:185,25,1,2
BRDA:200,26,0,1
BRDA:200,26,1,4
BRDA:204,27,0,1
BRDA:204,27,1,1
BRDA:233,28,0,1
BRDA:233,28,1,5
BRDA:233,29,0,6
BRDA:233,29,1,2
BRDA:239,30,0,1
BRDA:239,30,1,4
BRDA:243,31,0,1
BRDA:243,31,1,2
BRDA:246,32,0,1
BRDA:246,32,1,1
BRDA:248,33,0,1
BRDA:248,33,1,1
BRDA:260,34,0,1
BRDA:260,34,1,1
BRF:70
BRH:67
end_of_record
TN:
SF:src/commands/search.ts
FN:29,parseFlag
FN:34,highlight
FN:44,cmdSearch
FN:46,(anonymous_3)
FN:89,(anonymous_4)
FN:126,(anonymous_5)
FNF:6
FNH:6
FNDA:13,parseFlag
FNDA:10,highlight
FNDA:14,cmdSearch
FNDA:13,(anonymous_3)
FNDA:18,(anonymous_4)
FNDA:4,(anonymous_5)
DA:30,13
DA:31,13
DA:35,10
DA:36,10
DA:37,7
DA:46,14
DA:47,14
DA:49,13
DA:50,13
DA:51,13
DA:52,14
DA:54,14
DA:55,14
DA:56,14
DA:58,12
DA:61,12
DA:67,12
DA:68,1
DA:69,1
DA:72,11
DA:73,6
DA:74,6
DA:75,6
DA:79,11
DA:80,11
DA:81,11
DA:83,11
DA:84,11
DA:85,11
DA:86,18
DA:88,11
DA:90,18
DA:99,11
DA:101,11
DA:102,16
DA:103,14
DA:105,12
DA:106,12
DA:107,12
DA:109,9
DA:110,9
DA:114,11
DA:115,3
DA:116,1
DA:118,2
DA:119,2
DA:120,2
DA:122,3
DA:125,8
DA:126,4
DA:138,4
DA:139,4
DA:142,4
DA:143,5
DA:144,5
DA:146,5
DA:149,5
DA:150,5
DA:153,5
DA:155,5
DA:160,5
DA:161,0
DA:165,4
DA:166,4
DA:171,14
LF:65
LH:64
BRDA:31,0,0,1
BRDA:31,0,1,12
BRDA:31,1,0,13
BRDA:31,1,1,1
BRDA:36,2,0,3
BRDA:36,2,1,7
BRDA:47,3,0,1
BRDA:47,3,1,13
BRDA:51,4,0,13
BRDA:51,4,1,12
BRDA:56,5,0,1
BRDA:56,5,1,13
BRDA:67,6,0,1
BRDA:67,6,1,11
BRDA:72,7,0,6
BRDA:72,7,1,5
BRDA:84,8,0,0
BRDA:84,8,1,11
BRDA:102,9,0,2
BRDA:102,9,1,14
BRDA:103,10,0,2
BRDA:103,10,1,12
BRDA:103,11,0,14
BRDA:103,11,1,3
BRDA:107,12,0,3
BRDA:107,12,1,9
BRDA:107,13,0,12
BRDA:107,13,1,5
BRDA:110,14,0,1
BRDA:110,14,1,8
BRDA:114,15,0,3
BRDA:114,15,1,8
BRDA:115,16,0,1
BRDA:115,16,1,2
BRDA:119,17,0,1
BRDA:119,17,1,1
BRDA:125,18,0,4
BRDA:125,18,1,4
BRDA:135,19,0,4
BRDA:135,19,1,3
BRDA:136,20,0,4
BRDA:136,20,1,4
BRDA:143,21,0,1
BRDA:143,21,1,4
BRDA:144,22,0,5
BRDA:144,22,1,0
BRDA:149,23,0,5
BRDA:149,23,1,0
BRDA:150,24,0,0
BRDA:150,24,1,5
BRDA:160,25,0,0
BRDA:160,25,1,5
BRDA:168,26,0,1
BRDA:168,26,1,3
BRF:54
BRH:49
end_of_record
TN:
SF:src/commands/status.ts
FN:10,cmdStatus
FNF:1
FNH:1
FNDA:9,cmdStatus
DA:11,9
DA:12,9
DA:14,9
DA:15,9
DA:16,9
DA:17,9
DA:18,9
DA:19,9
DA:20,9
DA:21,9
DA:23,9
DA:24,1
DA:25,1
DA:26,1
DA:29,8
DA:30,8
DA:31,8
DA:36,7
DA:37,7
DA:38,7
DA:39,7
DA:41,1
DA:44,8
LF:23
LH:23
BRDA:18,0,0,9
BRDA:18,0,1,1
BRDA:19,1,0,9
BRDA:19,1,1,1
BRDA:20,2,0,9
BRDA:20,2,1,1
BRDA:21,3,0,9
BRDA:21,3,1,0
BRDA:23,4,0,1
BRDA:23,4,1,8
BRF:10
BRH:9
end_of_record
TN:
SF:src/commands/token.ts
FN:36,parseAmount
FN:45,parseAddress
FN:62,cmdTokenBalance
FN:64,(anonymous_3)
FN:121,cmdTokenAllowance
FN:123,(anonymous_5)
FN:185,cmdTokenApprove
FN:187,(anonymous_7)
FN:262,cmdTokenTransfer
FN:264,(anonymous_9)
FN:349,cmdTokenInfo
FN:393,cmdToken
FNF:12
FNH:12
FNDA:13,parseAmount
FNDA:9,parseAddress
FNDA:7,cmdTokenBalance
FNDA:2,(anonymous_3)
FNDA:8,cmdTokenAllowance
FNDA:3,(anonymous_5)
FNDA:9,cmdTokenApprove
FNDA:7,(anonymous_7)
FNDA:10,cmdTokenTransfer
FNDA:16,(anonymous_9)
FNDA:6,cmdTokenInfo
FNDA:7,cmdToken
DA:32,1
DA:37,13
DA:38,13
DA:40,1
DA:41,1
DA:46,9
DA:47,9
DA:48,9
DA:50,1
DA:51,1
DA:63,7
DA:64,7
DA:66,7
DA:67,7
DA:70,7
DA:71,1
DA:74,6
DA:75,6
DA:76,6
DA:77,6
DA:80,7
DA:81,1
DA:82,1
DA:85,6
DA:87,6
DA:97,6
DA:98,1
DA:104,1
DA:107,5
DA:108,5
DA:109,5
DA:110,5
DA:111,5
DA:112,5
DA:113,5
DA:114,5
DA:122,8
DA:123,8
DA:125,8
DA:126,8
DA:129,8
DA:130,1
DA:132,7
DA:133,7
DA:134,7
DA:137,8
DA:138,1
DA:139,1
DA:142,7
DA:143,7
DA:150,7
DA:151,7
DA:153,7
DA:154,2
DA:161,2
DA:164,5
DA:165,5
DA:166,5
DA:167,5
DA:168,5
DA:169,5
DA:171,8
DA:172,2
DA:173,2
DA:175,3
DA:176,3
DA:178,5
DA:186,9
DA:187,9
DA:189,9
DA:190,2
DA:191,2
DA:192,2
DA:195,7
DA:196,7
DA:197,7
DA:199,7
DA:200,1
DA:201,1
DA:204,5
DA:205,5
DA:206,5
DA:208,5
DA:209,4
DA:210,4
DA:211,4
DA:212,4
DA:213,4
DA:214,4
DA:215,4
DA:216,4
DA:219,5
DA:220,5
DA:222,5
DA:231,5
DA:233,5
DA:235,5
DA:236,1
DA:245,1
DA:248,4
DA:249,1
DA:250,1
DA:253,3
DA:254,3
DA:255,3
DA:263,10
DA:264,16
DA:266,10
DA:267,10
DA:269,10
DA:270,3
DA:271,3
DA:272,3
DA:275,7
DA:276,7
DA:277,7
DA:278,7
DA:280,7
DA:281,1
DA:282,1
DA:285,5
DA:286,5
DA:287,5
DA:290,5
DA:291,1
DA:292,1
DA:295,4
DA:296,3
DA:297,3
DA:298,3
DA:299,3
DA:300,3
DA:301,3
DA:302,3
DA:303,3
DA:306,4
DA:307,4
DA:309,4
DA:318,4
DA:320,4
DA:322,4
DA:323,1
DA:332,1
DA:335,3
DA:336,1
DA:337,1
DA:340,2
DA:341,2
DA:342,2
DA:350,6
DA:352,6
DA:353,6
DA:355,6
DA:356,1
DA:357,1
DA:360,5
DA:362,5
DA:369,5
DA:370,1
DA:376,1
DA:379,4
DA:380,4
DA:381,4
DA:382,4
DA:383,4
DA:384,4
DA:385,4
DA:386,4
DA:387,4
DA:388,4
DA:394,7
DA:395,7
DA:397,7
DA:399,7
DA:401,1
DA:402,1
DA:404,1
DA:405,1
DA:407,1
DA:408,0
DA:410,1
DA:411,0
DA:413,1
DA:414,1
DA:416,2
DA:417,2
DA:418,2
DA:419,2
DA:420,2
DA:421,2
DA:422,2
DA:423,2
DA:424,2
LF:193
LH:191
BRDA:46,0,0,0
BRDA:46,0,1,9
BRDA:70,1,0,1
BRDA:70,1,1,6
BRDA:80,2,0,1
BRDA:80,2,1,6
BRDA:97,3,0,1
BRDA:97,3,1,5
BRDA:129,4,0,1
BRDA:129,4,1,7
BRDA:137,5,0,1
BRDA:137,5,1,7
BRDA:137,6,0,8
BRDA:137,6,1,7
BRDA:153,7,0,2
BRDA:153,7,1,5
BRDA:169,8,0,3
BRDA:169,8,1,2
BRDA:171,9,0,2
BRDA:171,9,1,3
BRDA:189,10,0,2
BRDA:189,10,1,7
BRDA:199,11,0,1
BRDA:199,11,1,6
BRDA:199,12,0,7
BRDA:199,12,1,5
BRDA:208,13,0,4
BRDA:208,13,1,1
BRDA:227,14,0,0
BRDA:227,14,1,5
BRDA:231,15,0,4
BRDA:231,15,1,1
BRDA:235,16,0,1
BRDA:235,16,1,4
BRDA:248,17,0,1
BRDA:248,17,1,3
BRDA:269,18,0,3
BRDA:269,18,1,7
BRDA:269,19,0,10
BRDA:269,19,1,8
BRDA:280,20,0,1
BRDA:280,20,1,6
BRDA:290,21,0,1
BRDA:290,21,1,4
BRDA:295,22,0,3
BRDA:295,22,1,1
BRDA:314,23,0,0
BRDA:314,23,1,4
BRDA:318,24,0,3
BRDA:318,24,1,1
BRDA:322,25,0,1
BRDA:322,25,1,3
BRDA:335,26,0,1
BRDA:335,26,1,2
BRDA:355,27,0,1
BRDA:355,27,1,5
BRDA:369,28,0,1
BRDA:369,28,1,4
BRDA:399,29,0,1
BRDA:399,29,1,1
BRDA:399,29,2,1
BRDA:399,29,3,1
BRDA:399,29,4,1
BRDA:399,29,5,2
BRDA:416,30,0,2
BRDA:416,30,1,1
BRF:66
BRH:63
end_of_record
TN:
SF:src/commands/version.ts
FN:19,parseFlag
FN:24,requireFlag
FN:30,formatDate
FN:36,cmdVersionPush
FN:79,cmdVersionList
FN:103,(anonymous_5)
FN:136,cmdVersionShow
FNF:7
FNH:7
FNDA:43,parseFlag
FNDA:37,requireFlag
FNDA:11,formatDate
FNDA:9,cmdVersionPush
FNDA:9,cmdVersionList
FNDA:8,(anonymous_5)
FNDA:6,cmdVersionShow
DA:20,43
DA:21,43
DA:25,37
DA:26,37
DA:27,31
DA:31,11
DA:37,9
DA:38,9
DA:39,9
DA:40,9
DA:42,9
DA:43,9
DA:44,9
DA:46,5
DA:48,5
DA:54,5
DA:55,5
DA:57,5
DA:67,5
DA:68,5
DA:70,5
DA:71,4
DA:73,1
DA:80,9
DA:82,9
DA:84,9
DA:85,9
DA:86,9
DA:88,7
DA:90,7
DA:97,7
DA:98,2
DA:99,2
DA:102,5
DA:104,8
DA:116,5
DA:117,5
DA:118,5
DA:120,5
DA:121,8
DA:122,8
DA:127,8
DA:128,8
DA:131,5
DA:137,6
DA:138,6
DA:140,6
DA:141,6
DA:142,6
DA:144,3
DA:145,3
DA:155,3
DA:156,3
DA:157,3
DA:158,3
DA:159,3
DA:160,3
DA:161,3
DA:162,3
DA:163,2
DA:165,3
LF:61
LH:61
BRDA:21,0,0,32
BRDA:21,0,1,11
BRDA:21,1,0,43
BRDA:21,1,1,32
BRDA:26,2,0,6
BRDA:26,2,1,31
BRDA:40,3,0,9
BRDA:40,3,1,5
BRDA:44,4,0,1
BRDA:44,4,1,8
BRDA:70,5,0,4
BRDA:70,5,1,1
BRDA:80,6,0,9
BRDA:80,6,1,1
BRDA:82,7,0,1
BRDA:82,7,1,7
BRDA:86,8,0,1
BRDA:86,8,1,8
BRDA:97,9,0,2
BRDA:97,9,1,5
BRDA:127,10,0,8
BRDA:127,10,1,0
BRDA:128,11,0,1
BRDA:128,11,1,7
BRDA:142,12,0,1
BRDA:142,12,1,5
BRDA:162,13,0,2
BRDA:162,13,1,1
BRF:28
BRH:27
end_of_record
TN:
SF:src/commands/watch.ts
FN:39,parseFlag
FN:44,formatTs
FN:48,renderEvent
FN:60,(anonymous_3)
FN:122,cmdWatch
FN:195,(anonymous_5)
FNF:6
FNH:6
FNDA:94,parseFlag
FNDA:24,formatTs
FNDA:23,renderEvent
FNDA:16,(anonymous_3)
FNDA:48,cmdWatch
FNDA:83,(anonymous_5)
DA:26,48
DA:40,94
DA:41,94
DA:45,24
DA:49,23
DA:50,23
DA:51,23
DA:52,23
DA:54,23
DA:55,4
DA:60,16
DA:64,4
DA:67,18
DA:68,18
DA:70,18
DA:72,4
DA:73,4
DA:74,4
DA:75,4
DA:78,3
DA:79,3
DA:80,3
DA:82,1
DA:83,1
DA:84,1
DA:86,1
DA:87,1
DA:89,2
DA:90,2
DA:92,2
DA:93,2
DA:95,2
DA:96,2
DA:98,2
DA:99,2
DA:101,1
DA:105,1
DA:106,1
DA:113,48
DA:123,48
DA:124,48
DA:125,1
DA:128,47
DA:129,48
DA:130,48
DA:132,48
DA:133,48
DA:134,48
DA:136,46
DA:140,46
DA:141,32
DA:143,14
DA:144,14
DA:147,46
DA:148,37
DA:149,37
DA:150,37
DA:151,37
DA:152,37
DA:153,37
DA:154,37
DA:155,37
DA:156,37
DA:157,37
DA:158,37
DA:161,46
DA:162,46
DA:164,46
DA:165,83
DA:166,83
DA:167,80
DA:168,46
DA:174,46
DA:176,27
DA:177,27
DA:178,27
DA:179,23
DA:180,23
DA:187,46
DA:190,3
DA:191,2
DA:195,83
LF:82
LH:82
BRDA:41,0,0,33
BRDA:41,0,1,61
BRDA:41,1,0,94
BRDA:41,1,1,33
BRDA:54,2,0,4
BRDA:54,2,1,19
BRDA:60,3,0,6
BRDA:60,3,1,10
BRDA:70,4,0,18
BRDA:70,4,1,3
BRDA:70,4,2,1
BRDA:70,4,3,1
BRDA:70,4,4,2
BRDA:70,4,5,2
BRDA:70,4,6,2
BRDA:70,4,7,2
BRDA:70,4,8,1
BRDA:72,5,0,1
BRDA:72,5,1,3
BRDA:92,6,0,1
BRDA:92,6,1,1
BRDA:105,7,0,1
BRDA:105,7,1,0
BRDA:123,8,0,13
BRDA:123,8,1,35
BRDA:123,9,0,48
BRDA:123,9,1,41
BRDA:124,10,0,1
BRDA:124,10,1,47
BRDA:128,11,0,47
BRDA:128,11,1,46
BRDA:134,12,0,1
BRDA:134,12,1,47
BRDA:140,13,0,32
BRDA:140,13,1,14
BRDA:144,14,0,14
BRDA:144,14,1,0
BRDA:147,15,0,37
BRDA:147,15,1,9
BRDA:167,16,0,46
BRDA:167,16,1,34
BRDA:178,17,0,23
BRDA:178,17,1,4
BRDA:190,18,0,2
BRDA:190,18,1,1
BRF:45
BRH:43
end_of_record
